<?xml version="1.0" encoding="UTF-8"?>
<!-- Generated by org.testng.reporters.JUnitReportReporter -->
<testsuite hostname="DESKTOP-AQVOTS7" failures="0" tests="7" name="TestCases" time="0.981" errors="0" timestamp="2025-01-07T15:00:08 EET" skipped="4">
  <testcase classname="TestCases" name="LogInTest" time="0.341"/>
  <system-out/>
  <testcase classname="TestCases" name="AddRandomItem" time="0.089"/>
  <system-out/>
  <testcase classname="TestCases" name="CheckOutTest" time="0.551"/>
  <system-out/>
  <testcase classname="TestCases" name="AddALllItemThenRemoveALll">
    <skipped/>
  </testcase> <!-- AddALllItemThenRemoveALll -->
  <system-out/>
  <testcase classname="TestCases" name="AddItemswhichstartedwithSouce">
    <skipped/>
  </testcase> <!-- AddItemswhichstartedwithSouce -->
  <system-out/>
  <testcase classname="TestCases" name="SkipSomeItems">
    <skipped/>
  </testcase> <!-- SkipSomeItems -->
  <system-out/>
  <testcase classname="TestCases" name="AddCErtinItems">
    <skipped/>
  </testcase> <!-- AddCErtinItems -->
  <system-out/>
</testsuite> <!-- TestCases -->
